0 info it worked if it ends with ok
1 verbose cli [ '/usr/local/bin/node',
1 verbose cli   '/usr/local/bin/npm',
1 verbose cli   'run',
1 verbose cli   'ionic:serve',
1 verbose cli   '[object Object]' ]
2 info using npm@3.10.8
3 info using node@v6.9.1
4 verbose run-script [ 'preionic:serve', 'ionic:serve', 'postionic:serve' ]
5 info lifecycle Bunch@0.0.1~preionic:serve: Bunch@0.0.1
6 silly lifecycle Bunch@0.0.1~preionic:serve: no script for preionic:serve, continuing
7 info lifecycle Bunch@0.0.1~ionic:serve: Bunch@0.0.1
8 verbose lifecycle Bunch@0.0.1~ionic:serve: unsafe-perm in lifecycle true
9 verbose lifecycle Bunch@0.0.1~ionic:serve: PATH: /usr/local/lib/node_modules/npm/bin/node-gyp-bin:/Users/edmojica/Desktop/bunch/node_modules/.bin:/Users/edmojica/miniconda2/bin:/Users/edmojica/anaconda/bin:/usr/local/bin:/usr/bin:/bin:/usr/sbin:/sbin:/usr/local/share/dotnet:/Library/Frameworks/Mono.framework/Versions/Current/Commands:/Users/edmojica/apache-maven-3.5.0/bin
10 verbose lifecycle Bunch@0.0.1~ionic:serve: CWD: /Users/edmojica/Desktop/bunch
11 silly lifecycle Bunch@0.0.1~ionic:serve: Args: [ '-c', 'ionic-app-scripts serve "[object Object]"' ]
12 info lifecycle Bunch@0.0.1~ionic:serve: Failed to exec ionic:serve script
13 verbose stack Error: Bunch@0.0.1 ionic:serve: `ionic-app-scripts serve "[object Object]"`
13 verbose stack spawn ENOENT
13 verbose stack     at ChildProcess.<anonymous> (/usr/local/lib/node_modules/npm/lib/utils/spawn.js:33:16)
13 verbose stack     at emitTwo (events.js:106:13)
13 verbose stack     at ChildProcess.emit (events.js:191:7)
13 verbose stack     at maybeClose (internal/child_process.js:877:16)
13 verbose stack     at Process.ChildProcess._handle.onexit (internal/child_process.js:226:5)
14 verbose pkgid Bunch@0.0.1
15 verbose cwd /Users/edmojica/Desktop/bunch
16 error Darwin 15.6.0
17 error argv "/usr/local/bin/node" "/usr/local/bin/npm" "run" "ionic:serve" "[object Object]"
18 error node v6.9.1
19 error npm  v3.10.8
20 error file sh
21 error code ELIFECYCLE
22 error errno ENOENT
23 error syscall spawn
24 error Bunch@0.0.1 ionic:serve: `ionic-app-scripts serve "[object Object]"`
24 error spawn ENOENT
25 error Failed at the Bunch@0.0.1 ionic:serve script 'ionic-app-scripts serve "[object Object]"'.
25 error Make sure you have the latest version of node.js and npm installed.
25 error If you do, this is most likely a problem with the Bunch package,
25 error not with npm itself.
25 error Tell the author that this fails on your system:
25 error     ionic-app-scripts serve "[object Object]"
25 error You can get information on how to open an issue for this project with:
25 error     npm bugs Bunch
25 error Or if that isn't available, you can get their info via:
25 error     npm owner ls Bunch
25 error There is likely additional logging output above.
26 verbose exit [ 1, true ]
